<?xml version="1.0" encoding="UTF-8"?>
<!-- Generated by org.testng.reporters.JUnitReportReporter -->
<testsuite hostname="bb-system-3161" failures="0" tests="1" name="app_Tests.HomePageTest" time="4.024" errors="0" timestamp="2023-02-24T18:40:19 IST" skipped="0">
  <testcase classname="app_Tests.HomePageTest" name="homepageTest" time="4.024"/>
  <system-out/>
</testsuite> <!-- app_Tests.HomePageTest -->
